<?xml version="1.0" encoding="UTF-8"?>
<!-- Generated by org.testng.reporters.JUnitXMLReporter -->
<testsuite ignored="0" hostname="DESKTOP-MBJVQGU" failures="1" tests="3" name="Error validation Test" time="103.865" errors="0" timestamp="2022-10-12T13:39:21 IST">
  <testcase classname="ProjectNew.ErrorValidation" name="loginErrorValidation" time="26.262">
    <skipped/>
  </testcase> <!-- loginErrorValidation -->
  <testcase classname="ProjectNew.ErrorValidation" name="loginErrorValidation" time="0.9">
    <failure type="java.lang.AssertionError" message="expected [Incorrect email or password.] but found [Incorrect email  password.]">
      <![CDATA[java.lang.AssertionError: expected [Incorrect email or password.] but found [Incorrect email  password.]
at ProjectNew.ErrorValidation.loginErrorValidation(ErrorValidation.java:22)
at java.base/java.util.ArrayList.forEach(ArrayList.java:1511)
... Removed 33 stack frames]]>
    </failure>
  </testcase> <!-- loginErrorValidation -->
  <testcase classname="ProjectNew.ErrorValidation" name="productErrorValidation" time="8.29"/>
</testsuite> <!-- Error validation Test -->
